<?xml version="1.0" encoding="UTF-8"?>
<!-- Generated by org.testng.reporters.JUnitReportReporter -->
<testsuite hostname="Harshs-Air" failures="0" tests="1" name="Testscripts.TC_25" time="6.271" errors="0" timestamp="2023-12-06T15:02:52 IST" skipped="0">
  <testcase classname="Testscripts.TC_25" name="Register" time="6.271"/>
  <system-out/>
</testsuite> <!-- Testscripts.TC_25 -->
