<?xml version="1.0" encoding="UTF-8"?>
<!-- Generated by org.testng.reporters.JUnitReportReporter -->
<testsuite hostname="Harshs-Air" failures="0" tests="1" name="Testscripts.TC_12" time="11.551" errors="0" timestamp="2023-12-12T16:58:21 IST" skipped="0">
  <testcase classname="Testscripts.TC_12" name="newcategory" time="11.551"/>
  <system-out/>
</testsuite> <!-- Testscripts.TC_12 -->
