<?xml version="1.0" encoding="UTF-8"?>
<!-- Generated by org.testng.reporters.JUnitReportReporter -->
<testsuite hostname="Harshs-Air" failures="0" tests="2" name="Testscripts.TC_10" time="12.202" errors="0" timestamp="2023-12-07T11:57:01 IST" skipped="0">
  <testcase classname="Testscripts.TC_10" name="adminModule" time="7.346"/>
  <system-out/>
  <testcase classname="Testscripts.TC_10" name="Dualrole" time="4.856"/>
  <system-out/>
</testsuite> <!-- Testscripts.TC_10 -->
