<?xml version="1.0" encoding="UTF-8"?>
<!-- Generated by org.testng.reporters.JUnitReportReporter -->
<testsuite hostname="Harshs-Air" failures="0" tests="1" name="Testscripts.TC_02" time="8.718" errors="0" timestamp="2023-12-08T10:44:27 IST" skipped="0">
  <testcase classname="Testscripts.TC_02" name="Menu" time="8.718"/>
  <system-out/>
</testsuite> <!-- Testscripts.TC_02 -->
