<?xml version="1.0" encoding="UTF-8"?>
<!-- Generated by org.testng.reporters.JUnitReportReporter -->
<testsuite hostname="Harshs-Air" failures="0" tests="1" name="Testscripts.TC_01" time="11.553" errors="0" timestamp="2023-12-08T10:41:03 IST" skipped="0">
  <testcase classname="Testscripts.TC_01" name="AllRestraurant" time="11.553"/>
  <system-out/>
</testsuite> <!-- Testscripts.TC_01 -->
