<?xml version="1.0" encoding="UTF-8"?>
<!-- Generated by org.testng.reporters.JUnitReportReporter -->
<testsuite hostname="Harshs-Air" failures="0" tests="1" name="Testscripts.TC_30" time="5.674" errors="0" timestamp="2023-12-06T15:19:23 IST" skipped="0">
  <testcase classname="Testscripts.TC_30" name="restaurant" time="5.674"/>
  <system-out/>
</testsuite> <!-- Testscripts.TC_30 -->
