<?xml version="1.0" encoding="UTF-8"?>
<!-- Generated by org.testng.reporters.JUnitReportReporter -->
<testsuite hostname="Harshs-Air" failures="0" tests="1" name="Testscripts.TC_12" time="15.156" errors="0" timestamp="2023-12-07T12:12:02 IST" skipped="0">
  <testcase classname="Testscripts.TC_12" name="newcategory" time="15.156"/>
  <system-out/>
</testsuite> <!-- Testscripts.TC_12 -->
