<?xml version="1.0" encoding="UTF-8"?>
<!-- Generated by org.testng.reporters.JUnitReportReporter -->
<testsuite hostname="Harshs-Air" failures="0" tests="1" name="Testscripts.TC_09" time="15.348" errors="0" timestamp="2023-12-07T11:46:44 IST" skipped="0">
  <testcase classname="Testscripts.TC_09" name="Dualrole" time="15.348"/>
  <system-out/>
</testsuite> <!-- Testscripts.TC_09 -->
