<?xml version="1.0" encoding="UTF-8"?>
<!-- Generated by org.testng.reporters.JUnitReportReporter -->
<testsuite hostname="Harshs-Air" failures="0" tests="1" name="Testscripts.TC_35" time="6.835" errors="0" timestamp="2023-12-06T15:23:00 IST" skipped="0">
  <testcase classname="Testscripts.TC_35" name="price" time="6.835"/>
  <system-out/>
</testsuite> <!-- Testscripts.TC_35 -->
