<?xml version="1.0" encoding="UTF-8"?>
<!-- Generated by org.testng.reporters.JUnitReportReporter -->
<testsuite hostname="Harshs-Air" failures="0" tests="1" name="Testscripts.SampleTestCase" time="1.765" errors="0" timestamp="2023-12-06T11:54:21 IST" skipped="0">
  <testcase classname="Testscripts.SampleTestCase" name="launching" time="1.765"/>
  <system-out/>
</testsuite> <!-- Testscripts.SampleTestCase -->
