<?xml version="1.0" encoding="UTF-8"?>
<!-- Generated by org.testng.reporters.JUnitReportReporter -->
<testsuite hostname="Harshs-Air" failures="0" tests="1" name="Testscripts.TC_14" time="13.269" errors="0" timestamp="2023-12-08T10:52:17 IST" skipped="0">
  <testcase classname="Testscripts.TC_14" name="delete" time="13.269"/>
  <system-out/>
</testsuite> <!-- Testscripts.TC_14 -->
