<?xml version="1.0" encoding="UTF-8"?>
<!-- Generated by org.testng.reporters.JUnitReportReporter -->
<testsuite hostname="Harshs-Air" failures="0" tests="1" name="Testscripts.TC_27" time="1.268" errors="0" timestamp="2023-12-06T15:37:47 IST" skipped="0">
  <testcase classname="Testscripts.TC_27" name="login" time="1.268"/>
  <system-out/>
</testsuite> <!-- Testscripts.TC_27 -->
