<?xml version="1.0" encoding="UTF-8"?>
<!-- Generated by org.testng.reporters.JUnitReportReporter -->
<testsuite hostname="Harshs-Air" failures="0" tests="1" name="Testscripts.TC_21" time="12.866" errors="0" timestamp="2023-12-12T16:58:21 IST" skipped="0">
  <testcase classname="Testscripts.TC_21" name="update" time="12.866"/>
  <system-out/>
</testsuite> <!-- Testscripts.TC_21 -->
