<?xml version="1.0" encoding="UTF-8"?>
<!-- Generated by org.testng.reporters.JUnitReportReporter -->
<testsuite hostname="Harshs-Air" failures="0" tests="1" name="Testscripts.TC_34" time="9.988" errors="0" timestamp="2023-12-12T16:58:21 IST" skipped="0">
  <testcase classname="Testscripts.TC_34" name="NegativeQuantity" time="9.988"/>
  <system-out/>
</testsuite> <!-- Testscripts.TC_34 -->
