<?xml version="1.0" encoding="UTF-8"?>
<!-- Generated by org.testng.reporters.JUnitReportReporter -->
<testsuite hostname="Harshs-Air" failures="0" tests="1" name="Testscripts.TC_11" time="21.239" errors="0" timestamp="2023-12-07T10:59:27 IST" skipped="0">
  <testcase classname="Testscripts.TC_11" name="DisplayRestaurant" time="21.239"/>
  <system-out/>
</testsuite> <!-- Testscripts.TC_11 -->
