<?xml version="1.0" encoding="UTF-8"?>
<!-- Generated by org.testng.reporters.JUnitReportReporter -->
<testsuite hostname="Harshs-Air" failures="0" tests="1" name="Testscripts.Tc_05" time="9.809" errors="0" timestamp="2023-12-12T16:58:21 IST" skipped="0">
  <testcase classname="Testscripts.Tc_05" name="AllRestarant" time="9.809"/>
  <system-out/>
</testsuite> <!-- Testscripts.Tc_05 -->
