<?xml version="1.0" encoding="UTF-8"?>
<!-- Generated by org.testng.reporters.JUnitReportReporter -->
<testsuite hostname="Harshs-Air" failures="0" tests="1" name="Testscripts.TC_17" time="5.818" errors="0" timestamp="2023-12-07T12:53:59 IST" skipped="0">
  <testcase classname="Testscripts.TC_17" name="Delete" time="5.818"/>
  <system-out/>
</testsuite> <!-- Testscripts.TC_17 -->
