<?xml version="1.0" encoding="UTF-8"?>
<!-- Generated by org.testng.reporters.JUnitReportReporter -->
<testsuite hostname="Harshs-Air" failures="0" tests="1" name="Testscripts.TC_01" time="16.875" errors="0" timestamp="2023-12-12T16:58:21 IST" skipped="0">
  <testcase classname="Testscripts.TC_01" name="AllRestraurant" time="16.875"/>
  <system-out/>
</testsuite> <!-- Testscripts.TC_01 -->
