<?xml version="1.0" encoding="UTF-8"?>
<!-- Generated by org.testng.reporters.JUnitReportReporter -->
<testsuite hostname="Harshs-Air" failures="0" tests="2" name="Testscripts.TC_20" time="4.584" errors="0" timestamp="2023-12-08T10:05:31 IST" skipped="0">
  <testcase classname="Testscripts.TC_20" name="Orders" time="3.750"/>
  <system-out/>
  <testcase classname="Testscripts.TC_20" name="adminOrders" time="0.834"/>
  <system-out/>
</testsuite> <!-- Testscripts.TC_20 -->
