<?xml version="1.0" encoding="UTF-8"?>
<!-- Generated by org.testng.reporters.JUnitReportReporter -->
<testsuite hostname="Harshs-Air" failures="0" tests="1" name="Testscripts.TC_15" time="4.360" errors="0" timestamp="2023-12-07T12:49:21 IST" skipped="0">
  <testcase classname="Testscripts.TC_15" name="AddRestraunt" time="4.360"/>
  <system-out/>
</testsuite> <!-- Testscripts.TC_15 -->
